2025-10-13 21:50:37,987 - INFO - ============================================================
2025-10-13 21:50:37,987 - INFO - Creating database views for municipal merger handling
2025-10-13 21:50:37,987 - INFO - ============================================================
2025-10-13 21:50:37,987 - INFO - Connecting to database: data/swiss_votings.db
2025-10-13 21:50:37,988 - INFO - Creating simplified municipality mapping view...
2025-10-13 21:50:37,999 - INFO - Simplified municipality mapping view created successfully
2025-10-13 21:50:37,999 - INFO - Creating municipality mapping view...
2025-10-13 21:50:38,007 - INFO - Municipality mapping view created successfully
2025-10-13 21:50:38,007 - INFO - Creating current voting results view...
2025-10-13 21:50:38,015 - INFO - Current voting results view created successfully
2025-10-13 21:50:38,016 - INFO - Creating municipality evolution view...
2025-10-13 21:50:38,023 - INFO - Municipality evolution view created successfully
2025-10-13 21:50:38,023 - INFO - Creating voting comparison view...
2025-10-13 21:50:38,032 - INFO - Voting comparison view created successfully
2025-10-13 21:50:38,032 - INFO - Creating indexes for view performance...
2025-10-13 21:50:38,052 - WARNING - Could not create index: no such column: entity_type
2025-10-13 21:50:38,148 - INFO - Indexes created successfully
2025-10-13 21:50:38,148 - INFO - Verifying views...
2025-10-13 21:50:38,184 - INFO - Municipality mappings: 2123 total, 2123 historical → 2123 current
2025-10-13 21:50:38,184 - INFO - Maximum merger depth: 20 levels
2025-10-13 21:50:38,184 - ERROR - Fatal error: no such column: vr.ungueltige_stimmen
Traceback (most recent call last):
  File "/home/jonas/ffhs-stats-project-local/create_merger_views.py", line 491, in main
    verify_views(conn, logger)
  File "/home/jonas/ffhs-stats-project-local/create_merger_views.py", line 356, in verify_views
    cursor.execute("""
sqlite3.OperationalError: no such column: vr.ungueltige_stimmen
