2025-10-13 22:22:53,139 - INFO - ============================================================
2025-10-13 22:22:53,139 - INFO - Creating analysis-ready views with perfect data matching
2025-10-13 22:22:53,139 - INFO - ============================================================
2025-10-13 22:22:53,139 - INFO - Connecting to database: data/swiss_votings.db
2025-10-13 22:22:53,139 - INFO - Analyzing municipality lifecycle...
2025-10-13 22:22:50,665 - INFO - Created municipality lifecycle temp table
2025-10-13 22:22:50,665 - INFO - Total municipalities in voting data: 2123
2025-10-13 22:22:50,665 - INFO - Creating stable municipality mapping...
2025-10-13 22:22:50,687 - INFO - Stable municipality mapping view created
2025-10-13 22:22:50,687 - INFO - Creating analysis-ready results view...
2025-10-13 22:22:50,712 - INFO - Analysis-ready results view created
2025-10-13 22:22:50,712 - INFO - Creating data quality view...
2025-10-13 22:22:50,736 - INFO - Data quality view created
2025-10-13 22:22:50,737 - INFO - Creating indexes...
2025-10-13 22:22:50,737 - INFO - Indexes created
2025-10-13 22:22:50,737 - INFO - Verifying perfect data matching...
2025-10-13 22:22:53,172 - INFO - ✓ PERFECT MATCH! All aggregated data matches original data exactly.
2025-10-13 22:22:53,835 - INFO - 
Municipality statistics:
2025-10-13 22:22:53,835 - INFO -   Original municipalities in voting data: 2121
2025-10-13 22:22:53,835 - INFO -   Analysis municipalities (after aggregation): 2121
2025-10-13 22:22:53,835 - INFO -   Municipalities that aggregated others: 1
2025-10-13 22:22:53,835 - INFO -   Maximum aggregation: 3 municipalities into 1
2025-10-13 22:22:53,835 - INFO - 
============================================================
2025-10-13 22:22:53,835 - INFO - EXAMPLES
2025-10-13 22:22:53,835 - INFO - ============================================================
2025-10-13 22:22:54,494 - INFO - 
Top municipalities with aggregation:
2025-10-13 22:22:54,498 - INFO -   Capriasca (BFS 5226): 3 sources
2025-10-13 22:22:54,498 - INFO -     Sources: 5226 (Capriasca),5236 (Collina d'Oro),5237 (Alto Malcantone)...
2025-10-13 22:22:54,498 - INFO - 
============================================================
2025-10-13 22:22:54,498 - INFO - SUCCESS!
2025-10-13 22:22:54,498 - INFO - ============================================================
2025-10-13 22:22:54,498 - INFO - 
Views created:
2025-10-13 22:22:54,498 - INFO -   v_stable_municipality_mapping - Municipality mapping for analysis
2025-10-13 22:22:54,498 - INFO -   v_voting_results_analysis - Ready for statistical analysis
2025-10-13 22:22:54,498 - INFO -   v_municipality_data_quality - Data quality information
2025-10-13 22:22:54,498 - INFO - 
Use v_voting_results_analysis for all statistical analysis!
2025-10-13 22:22:54,498 - INFO - ============================================================
