2025-10-13 22:21:52,919 - INFO - ============================================================
2025-10-13 22:21:52,919 - INFO - Creating analysis-ready views with perfect data matching
2025-10-13 22:21:52,919 - INFO - ============================================================
2025-10-13 22:21:52,919 - INFO - Connecting to database: data/swiss_votings.db
2025-10-13 22:21:52,920 - INFO - Analyzing municipality lifecycle...
2025-10-13 22:21:53,979 - INFO - Created municipality lifecycle temp table
2025-10-13 22:21:53,979 - INFO - Total municipalities in voting data: 2123
2025-10-13 22:21:53,979 - INFO - Creating stable municipality mapping...
2025-10-13 22:21:53,991 - INFO - Stable municipality mapping view created
2025-10-13 22:21:53,991 - INFO - Creating analysis-ready results view...
2025-10-13 22:21:54,003 - INFO - Analysis-ready results view created
2025-10-13 22:21:54,003 - INFO - Creating data quality view...
2025-10-13 22:21:54,012 - INFO - Data quality view created
2025-10-13 22:21:54,012 - INFO - Creating indexes...
2025-10-13 22:21:54,438 - INFO - Indexes created
2025-10-13 22:21:54,438 - INFO - Verifying perfect data matching...
2025-10-13 22:21:56,939 - WARNING - Found 10 proposals with mismatches:
2025-10-13 22:21:56,939 - WARNING -   Proposal 160: Ja diff=1513, Nein diff=270
2025-10-13 22:21:56,939 - WARNING -   Proposal 126: Ja diff=1368, Nein diff=194
2025-10-13 22:21:56,939 - WARNING -   Proposal 141: Ja diff=1342, Nein diff=641
2025-10-13 22:21:56,939 - WARNING -   Proposal 125: Ja diff=1283, Nein diff=216
2025-10-13 22:21:56,939 - WARNING -   Proposal 124: Ja diff=1223, Nein diff=326
2025-10-13 22:21:56,939 - WARNING -   Proposal 209: Ja diff=1221, Nein diff=580
2025-10-13 22:21:56,939 - WARNING -   Proposal 178: Ja diff=1201, Nein diff=576
2025-10-13 22:21:56,939 - WARNING -   Proposal 143: Ja diff=1191, Nein diff=812
2025-10-13 22:21:56,939 - WARNING -   Proposal 194: Ja diff=1149, Nein diff=602
2025-10-13 22:21:56,939 - WARNING -   Proposal 115: Ja diff=1147, Nein diff=355
2025-10-13 22:21:57,614 - INFO - 
Municipality statistics:
2025-10-13 22:21:57,615 - INFO -   Original municipalities in voting data: 2122
2025-10-13 22:21:57,615 - INFO -   Analysis municipalities (after aggregation): 2122
2025-10-13 22:21:57,615 - INFO -   Municipalities that aggregated others: 0
2025-10-13 22:21:57,615 - INFO -   Maximum aggregation: 1 municipalities into 1
2025-10-13 22:21:57,615 - INFO - 
============================================================
2025-10-13 22:21:57,615 - INFO - EXAMPLES
2025-10-13 22:21:57,615 - INFO - ============================================================
2025-10-13 22:21:58,298 - INFO - 
Top municipalities with aggregation:
2025-10-13 22:21:58,298 - INFO - 
============================================================
2025-10-13 22:21:58,298 - INFO - SUCCESS!
2025-10-13 22:21:58,298 - INFO - ============================================================
2025-10-13 22:21:58,298 - INFO - 
Views created:
2025-10-13 22:21:58,298 - INFO -   v_stable_municipality_mapping - Municipality mapping for analysis
2025-10-13 22:21:58,298 - INFO -   v_voting_results_analysis - Ready for statistical analysis
2025-10-13 22:21:58,299 - INFO -   v_municipality_data_quality - Data quality information
2025-10-13 22:21:58,299 - INFO - 
Use v_voting_results_analysis for all statistical analysis!
2025-10-13 22:21:58,299 - INFO - ============================================================
