2025-10-13 22:08:18,820 - INFO - ============================================================
2025-10-13 22:08:18,820 - INFO - Exporting voting data to CSV
2025-10-13 22:08:18,820 - INFO - ============================================================
2025-10-13 22:08:18,820 - INFO - Connecting to database: data/swiss_votings.db
2025-10-13 22:08:18,820 - INFO - Exporting municipalities with current structure...
2025-10-13 22:08:18,820 - INFO - Fetching all proposals...
2025-10-13 22:08:18,824 - INFO - Found 223 proposals across 78 voting dates
2025-10-13 22:08:20,937 - INFO - Found 2121 current municipalities
2025-10-13 22:09:35,413 - INFO - Created municipality export with 2121 rows and 672 columns
2025-10-13 22:09:35,413 - INFO - Exporting districts...
2025-10-13 22:09:35,413 - INFO - Fetching all proposals...
2025-10-13 22:09:35,414 - INFO - Found 223 proposals across 78 voting dates
2025-10-13 22:09:35,428 - INFO - Found 156 districts
2025-10-13 22:09:35,718 - INFO - Created district export with 156 rows and 672 columns
2025-10-13 22:09:35,718 - INFO - Exporting cantons...
2025-10-13 22:09:35,719 - INFO - Fetching all proposals...
2025-10-13 22:09:35,719 - INFO - Found 223 proposals across 78 voting dates
2025-10-13 22:09:35,725 - INFO - Found 26 cantons
2025-10-13 22:09:35,980 - INFO - Created canton export with 26 rows and 672 columns
2025-10-13 22:09:35,980 - INFO - Combining all geographic levels...
2025-10-13 22:09:35,992 - INFO - Saving to data/voting_results_export.csv...
2025-10-13 22:09:36,503 - INFO - 
Export complete!
2025-10-13 22:09:36,503 - INFO -   Total rows: 2303
2025-10-13 22:09:36,503 - INFO -   Total columns: 672
2025-10-13 22:09:36,503 - INFO -   Municipalities: 2121
2025-10-13 22:09:36,503 - INFO -   Districts: 156
2025-10-13 22:09:36,503 - INFO -   Cantons: 26
2025-10-13 22:09:36,503 - INFO -   Output file: data/voting_results_export.csv
2025-10-13 22:09:36,503 - INFO - ============================================================
2025-10-13 22:09:36,504 - INFO - SUCCESS!
2025-10-13 22:09:36,504 - INFO - ============================================================
