2025-10-14 20:37:33,452 - INFO - ============================================================
2025-10-14 20:37:33,452 - INFO - Exporting voting data to CSV
2025-10-14 20:37:33,452 - INFO - ============================================================
2025-10-14 20:37:33,452 - INFO - Connecting to database: data/swiss_votings.db
2025-10-14 20:37:33,455 - INFO - Exporting municipalities with current structure...
2025-10-14 20:37:33,455 - INFO - Fetching all proposals...
2025-10-14 20:37:33,467 - INFO - Found 223 proposals across 78 voting dates
2025-10-14 20:37:36,852 - INFO - Found 2121 current municipalities
2025-10-14 20:39:08,752 - INFO - Created municipality export with 2121 rows and 672 columns
2025-10-14 20:39:08,752 - INFO - Exporting districts...
2025-10-14 20:39:08,752 - INFO - Fetching all proposals...
2025-10-14 20:39:08,753 - INFO - Found 223 proposals across 78 voting dates
2025-10-14 20:39:08,770 - INFO - Found 156 districts
2025-10-14 20:39:09,023 - INFO - Created district export with 156 rows and 672 columns
2025-10-14 20:39:09,023 - INFO - Exporting cantons...
2025-10-14 20:39:09,023 - INFO - Fetching all proposals...
2025-10-14 20:39:09,024 - INFO - Found 223 proposals across 78 voting dates
2025-10-14 20:39:09,030 - INFO - Found 26 cantons
2025-10-14 20:39:09,251 - INFO - Created canton export with 26 rows and 672 columns
2025-10-14 20:39:09,251 - INFO - Combining all geographic levels...
2025-10-14 20:39:09,261 - INFO - Saving to data/voting_results_export.csv...
2025-10-14 20:39:09,833 - INFO - 
Export complete!
2025-10-14 20:39:09,833 - INFO -   Total rows: 2303
2025-10-14 20:39:09,833 - INFO -   Total columns: 672
2025-10-14 20:39:09,833 - INFO -   Municipalities: 2121
2025-10-14 20:39:09,833 - INFO -   Districts: 156
2025-10-14 20:39:09,833 - INFO -   Cantons: 26
2025-10-14 20:39:09,833 - INFO -   Output file: data/voting_results_export.csv
2025-10-14 20:39:09,834 - INFO - ============================================================
2025-10-14 20:39:09,834 - INFO - SUCCESS!
2025-10-14 20:39:09,834 - INFO - ============================================================
