2025-10-13 21:43:59,827 - SwissVoting - INFO - ============================================================
2025-10-13 21:43:59,827 - SwissVoting - INFO - SWISS VOTING DATA IMPORT PIPELINE
2025-10-13 21:43:59,827 - SwissVoting - INFO - Started at: 2025-10-13 21:43:59.827690
2025-10-13 21:43:59,827 - SwissVoting - INFO - ============================================================
2025-10-13 21:43:59,827 - SwissVoting - INFO - Creating database structure...
2025-10-13 21:43:59,828 - SwissVoting - INFO - Removed existing database: data/swiss_votings.db
2025-10-13 21:44:00,168 - SwissVoting - INFO - Database tables created
2025-10-13 21:44:00,476 - SwissVoting - INFO - Created 8 indexes
2025-10-13 21:44:00,476 - SwissVoting - INFO - ============================================================
2025-10-13 21:44:00,476 - SwissVoting - INFO - IMPORTING MUNICIPAL CHANGES
2025-10-13 21:44:00,476 - SwissVoting - INFO - ============================================================
2025-10-13 21:44:00,476 - SwissVoting - INFO - Reading Excel: data/Mutierte_Gemeinden.xlsx
2025-10-13 21:44:00,670 - SwissVoting - INFO - Read 2356 rows from Excel
2025-10-13 21:44:00,671 - SwissVoting - INFO - Analyzing change types...
2025-10-13 21:44:00,688 - SwissVoting - INFO - Mergers: 1205
2025-10-13 21:44:00,688 - SwissVoting - INFO - Splits: 854
2025-10-13 21:44:00,688 - SwissVoting - INFO - Renames: 40
2025-10-13 21:44:00,688 - SwissVoting - INFO - Reassignments: 1399
2025-10-13 21:44:00,796 - SwissVoting - INFO - Imported 2356/2356 municipal changes
2025-10-13 21:44:00,797 - SwissVoting - INFO - ============================================================
2025-10-13 21:44:00,797 - SwissVoting - INFO - IMPORTING VOTING DATA
2025-10-13 21:44:00,797 - SwissVoting - INFO - ============================================================
2025-10-13 21:44:00,797 - SwissVoting - INFO - Found 78 JSON files to process
2025-10-13 21:44:11,472 - SwissVoting - INFO - Successfully processed: 78/78 files
2025-10-13 21:44:11,472 - SwissVoting - INFO - ============================================================
2025-10-13 21:44:11,472 - SwissVoting - INFO - VERIFICATION
2025-10-13 21:44:11,472 - SwissVoting - INFO - ============================================================
2025-10-13 21:44:11,472 - SwissVoting - INFO - Database statistics:
2025-10-13 21:44:11,473 - SwissVoting - INFO -   Voting events                     78 records
2025-10-13 21:44:11,473 - SwissVoting - INFO -   Proposals                        223 records
2025-10-13 21:44:11,473 - SwissVoting - INFO -   Cantons                           26 records
2025-10-13 21:44:11,473 - SwissVoting - INFO -   Districts                        156 records
2025-10-13 21:44:11,473 - SwissVoting - INFO -   Municipalities                 2,123 records
2025-10-13 21:44:11,475 - SwissVoting - INFO -   Voting results               511,802 records
2025-10-13 21:44:11,475 - SwissVoting - INFO -   Spatial references               234 records
2025-10-13 21:44:11,475 - SwissVoting - INFO -   Municipal changes              2,356 records
2025-10-13 21:44:11,487 - SwissVoting - INFO - 
Municipality-level results: 472,041
2025-10-13 21:44:11,487 - SwissVoting - INFO - 
Sample municipalities:
2025-10-13 21:44:11,487 - SwissVoting - INFO -   1: Aeugst am Albis (Canton: 1, 20000312 - 20250928)
2025-10-13 21:44:11,487 - SwissVoting - INFO -   2: Affoltern am Albis (Canton: 1, 20000312 - 20250928)
2025-10-13 21:44:11,487 - SwissVoting - INFO -   3: Bonstetten (Canton: 1, 20000312 - 20250928)
2025-10-13 21:44:11,487 - SwissVoting - INFO -   4: Hausen am Albis (Canton: 1, 20000312 - 20250928)
2025-10-13 21:44:11,487 - SwissVoting - INFO -   5: Hedingen (Canton: 1, 20000312 - 20250928)
2025-10-13 21:44:11,488 - SwissVoting - INFO - ============================================================
2025-10-13 21:44:11,488 - SwissVoting - INFO - IMPORT COMPLETED SUCCESSFULLY
2025-10-13 21:44:11,488 - SwissVoting - INFO - Database created at: data/swiss_votings.db
2025-10-13 21:44:11,488 - SwissVoting - INFO - Log file: logs/import_all_*.log
2025-10-13 21:44:11,488 - SwissVoting - INFO - ============================================================
